  Main.cpp
C:\Users\harri\Documents\Programacao\C++\Ship\Ship\Main.cpp(38,25): warning C4244: 'argumento': conversão de 'time_t' para 'unsigned int', possível perda de dados
C:\Users\harri\Documents\Programacao\C++\Ship\Ship\Main.cpp(57,52): warning C4305: 'argumento': truncamento de 'double' para 'T'
          with
          [
              T=float
          ]
C:\Users\harri\Documents\Programacao\C++\Ship\Ship\Main.cpp(57,48): warning C4305: 'argumento': truncamento de 'double' para 'T'
          with
          [
              T=float
          ]
C:\Users\harri\Documents\Programacao\C++\Ship\Ship\Main.cpp(96,34): warning C4305: 'inicializando': truncamento de 'double' para 'float'
C:\Users\harri\Documents\Programacao\C++\Ship\Ship\Main.cpp(178,37): warning C4244: 'inicializando': conversão de 'double' para 'float', possível perda de dados
C:\Users\harri\Documents\Programacao\C++\Ship\Ship\Main.cpp(220,37): warning C4244: 'inicializando': conversão de 'double' para 'float', possível perda de dados
C:\Users\harri\Documents\Programacao\C++\Ship\Ship\Main.cpp(320,13): warning C4305: 'argumento': truncamento de 'double' para 'float'
C:\Program Files\Microsoft Visual Studio\2022\Community\VC\Tools\MSVC\14.37.32822\include\xutility(240,76): warning C4244: 'argumento': conversão de '_Ty' para 'float', possível perda de dados
          with
          [
              _Ty=double
          ]
C:\Program Files\Microsoft Visual Studio\2022\Community\VC\Tools\MSVC\14.37.32822\include\xutility(250,14): message : consulte a referência à instanciação '_Ty *std::construct_at<_Ty,const char(&)[10],double,sf::Vector2<float>,std::vector<std::shared_ptr<Item>,std::allocator<std::shared_ptr<Item>>>&,0x0>(_Ty *const ,const char (&)[10],double &&,sf::Vector2<float> &&,std::vector<std::shared_ptr<Item>,std::allocator<std::shared_ptr<Item>>> &) noexcept(<expr>)' do modelo que está sendo compilada
          with
          [
              _Ty=Capsula
          ]
C:\Program Files\Microsoft Visual Studio\2022\Community\VC\Tools\MSVC\14.37.32822\include\memory(2104,18): message : consulte a referência à instanciação 'void std::_Construct_in_place<_Ty,const char(&)[10],double,sf::Vector2<float>,std::vector<std::shared_ptr<Item>,std::allocator<std::shared_ptr<Item>>>&>(_Ty &,const char (&)[10],double &&,sf::Vector2<float> &&,std::vector<std::shared_ptr<Item>,std::allocator<std::shared_ptr<Item>>> &) noexcept(false)' do modelo que está sendo compilada
          with
          [
              _Ty=Capsula
          ]
C:\Program Files\Microsoft Visual Studio\2022\Community\VC\Tools\MSVC\14.37.32822\include\memory(2779,46): message : consulte a referência à instanciação 'std::_Ref_count_obj2<Capsula>::_Ref_count_obj2<const char(&)[10],_Ty,sf::Vector2<float>,std::vector<std::shared_ptr<Item>,std::allocator<std::shared_ptr<Item>>>&>(const char (&)[10],_Ty &&,sf::Vector2<float> &&,std::vector<std::shared_ptr<Item>,std::allocator<std::shared_ptr<Item>>> &)' do modelo que está sendo compilada
          with
          [
              _Ty=double
          ]
C:\Users\harri\Documents\Programacao\C++\Ship\Ship\Main.cpp(46,45): message : consulte a referência à instanciação 'std::shared_ptr<Capsula> std::make_shared<Capsula,const char(&)[10],double,sf::Vector2f,std::vector<std::shared_ptr<Item>,std::allocator<std::shared_ptr<Item>>>&>(const char (&)[10],double &&,sf::Vector2f &&,std::vector<std::shared_ptr<Item>,std::allocator<std::shared_ptr<Item>>> &)' do modelo que está sendo compilada
C:\Program Files\Microsoft Visual Studio\2022\Community\VC\Tools\MSVC\14.37.32822\include\xutility(254,82): warning C4244: 'argumento': conversão de '_Ty' para 'float', possível perda de dados
          with
          [
              _Ty=double
          ]
C:\Program Files\Microsoft Visual Studio\2022\Community\VC\Tools\MSVC\14.37.32822\include\xutility(241,90): warning C4244: 'argumento': conversão de '_Ty' para 'float', possível perda de dados
          with
          [
              _Ty=double
          ]
C:\Program Files\Microsoft Visual Studio\2022\Community\VC\Tools\MSVC\14.37.32822\include\xutility(250,14): message : consulte a referência à instanciação '_Ty *std::construct_at<_Ty,const char(&)[10],double,sf::Vector2<float>,std::vector<std::shared_ptr<Item>,std::allocator<std::shared_ptr<Item>>>&,0x0>(_Ty *const ,const char (&)[10],double &&,sf::Vector2<float> &&,std::vector<std::shared_ptr<Item>,std::allocator<std::shared_ptr<Item>>> &) noexcept(false)' do modelo que está sendo compilada
          with
          [
              _Ty=Capsula
          ]
C:\Program Files\Microsoft Visual Studio\2022\Community\VC\Tools\MSVC\14.37.32822\include\memory(2104,18): message : consulte a referência à instanciação 'void std::_Construct_in_place<_Ty,const char(&)[10],double,sf::Vector2<float>,std::vector<std::shared_ptr<Item>,std::allocator<std::shared_ptr<Item>>>&>(_Ty &,const char (&)[10],double &&,sf::Vector2<float> &&,std::vector<std::shared_ptr<Item>,std::allocator<std::shared_ptr<Item>>> &) noexcept(false)' do modelo que está sendo compilada
          with
          [
              _Ty=Capsula
          ]
  Gerando código
C:\Users\harri\Documents\Programacao\C++\Ship\Ship\Main.cpp(480): warning C4715: 'itemInteract': nem todos os caminhos de controle retornam um valor
  18 of 2157 functions ( 0.8%) were compiled, the rest were copied from previous compilation.
    1 functions were new in current compilation
    25 functions had inline decision re-evaluated but remain unchanged
  Finalizada a geração de código
  Ship.vcxproj -> C:\Users\harri\Documents\Programacao\C++\Ship\x64\Release\Ship.exe
