c:\users\harri\documents\programacao\c++\ship\ship\x64\release\vc143.pdb
c:\users\harri\documents\programacao\c++\ship\ship\x64\release\planeta.obj
c:\users\harri\documents\programacao\c++\ship\ship\x64\release\nave.obj
c:\users\harri\documents\programacao\c++\ship\ship\x64\release\motor.obj
c:\users\harri\documents\programacao\c++\ship\ship\x64\release\modelonave.obj
c:\users\harri\documents\programacao\c++\ship\ship\x64\release\melhoria_motor.obj
c:\users\harri\documents\programacao\c++\ship\ship\x64\release\melhoria_escudo.obj
c:\users\harri\documents\programacao\c++\ship\ship\x64\release\melhoria_casco.obj
c:\users\harri\documents\programacao\c++\ship\ship\x64\release\main.obj
c:\users\harri\documents\programacao\c++\ship\ship\x64\release\item_interface.obj
c:\users\harri\documents\programacao\c++\ship\ship\x64\release\item.obj
c:\users\harri\documents\programacao\c++\ship\ship\x64\release\inimigo.obj
c:\users\harri\documents\programacao\c++\ship\ship\x64\release\game.obj
c:\users\harri\documents\programacao\c++\ship\ship\x64\release\escudo.obj
c:\users\harri\documents\programacao\c++\ship\ship\x64\release\efeito.obj
c:\users\harri\documents\programacao\c++\ship\ship\x64\release\casco.obj
c:\users\harri\documents\programacao\c++\ship\ship\x64\release\camera.obj
c:\users\harri\documents\programacao\c++\ship\ship\x64\release\button.obj
c:\users\harri\documents\programacao\c++\ship\ship\x64\release\background.obj
c:\users\harri\documents\programacao\c++\ship\ship\x64\release\arma.obj
c:\users\harri\documents\programacao\c++\ship\ship\x64\release\tiro.obj
c:\users\harri\documents\programacao\c++\ship\ship\x64\release\resources.obj
c:\users\harri\documents\programacao\c++\ship\ship\x64\release\capsula.obj
c:\users\harri\documents\programacao\c++\ship\x64\release\ship.exe
c:\users\harri\documents\programacao\c++\ship\ship\x64\release\ship.ipdb
c:\users\harri\documents\programacao\c++\ship\x64\release\ship.pdb
c:\users\harri\documents\programacao\c++\ship\ship\x64\release\ship.iobj
c:\users\harri\documents\programacao\c++\ship\ship\x64\release\ship.tlog\cl.command.1.tlog
c:\users\harri\documents\programacao\c++\ship\ship\x64\release\ship.tlog\cl.items.tlog
c:\users\harri\documents\programacao\c++\ship\ship\x64\release\ship.tlog\cl.read.1.tlog
c:\users\harri\documents\programacao\c++\ship\ship\x64\release\ship.tlog\cl.write.1.tlog
c:\users\harri\documents\programacao\c++\ship\ship\x64\release\ship.tlog\link.command.1.tlog
c:\users\harri\documents\programacao\c++\ship\ship\x64\release\ship.tlog\link.read.1.tlog
c:\users\harri\documents\programacao\c++\ship\ship\x64\release\ship.tlog\link.write.1.tlog
